<html>
<head>
<title>TestNG:  Ant test</title>
<link href="../testng.css" rel="stylesheet" type="text/css" />
<link href="../my-testng.css" rel="stylesheet" type="text/css" />

<style type="text/css">
.log { display: none;} 
.stack-trace { display: none;} 
</style>
<script type="text/javascript">
<!--
function flip(e) {
  current = e.style.display;
  if (current == 'block') {
    e.style.display = 'none';
    return 0;
  }
  else {
    e.style.display = 'block';
    return 1;
  }
}

function toggleBox(szDivId, elem, msg1, msg2)
{
  var res = -1;  if (document.getElementById) {
    res = flip(document.getElementById(szDivId));
  }
  else if (document.all) {
    // this is the way old msie versions work
    res = flip(document.all[szDivId]);
  }
  if(elem) {
    if(res == 0) elem.innerHTML = msg1; else elem.innerHTML = msg2;
  }

}

function toggleAllBoxes() {
  if (document.getElementsByTagName) {
    d = document.getElementsByTagName('div');
    for (i = 0; i < d.length; i++) {
      if (d[i].className == 'log') {
        flip(d[i]);
      }
    }
  }
}

// -->
</script>

</head>
<body>
<h2 align='center'>Ant test</h2><table border='1' align="center">
<tr>
<td>Tests passed/Failed/Skipped:</td><td>67/4/0</td>
</tr><tr>
<td>Started on:</td><td>Mon May 23 10:03:46 EDT 2016</td>
</tr>
<tr><td>Total time:</td><td>4773 seconds (4773291 ms)</td>
</tr><tr>
<td>Included groups:</td><td></td>
</tr><tr>
<td>Excluded groups:</td><td></td>
</tr>
</table><p/>
<small><i>(Hover the method name to see the test class name)</i></small><p/>
<table width='100%' border='1' class='invocation-failed'>
<tr><td colspan='4' align='center'><b>FAILED TESTS</b></td></tr>
<tr><td><b>Test method</b></td>
<td width="30%"><b>Exception</b></td>
<td width="10%"><b>Time (seconds)</b></td>
<td><b>Instance</b></td>
</tr>
<tr>
<td title='com.test1.tests.RTest.testSuccessfulAddNewCase()'><b>testSuccessfulAddNewCase</b><br>Test class: com.test1.tests.RTest<br>Parameters: TE111 , Nina, Williams</td>
<td><div><pre>org.openqa.selenium.NoSuchElementException: no such element: Unable to locate element: {&quot;method&quot;:&quot;xpath&quot;,&quot;selector&quot;:&quot;tbody/tr[contains(.,&apos;TE111 &apos;)]&quot;}
  (Session info: chrome=50.0.2661.102)
  (Driver info: chromedriver=2.20.353145 (343b531d31eeb933ec778dbcf7081628a1396067),platform=Windows NT 6.1 SP1 x86_64) (WARNING: The server did not provide any stacktrace information)
Command duration or timeout: 45.00 seconds
For documentation on this error, please visit: http://seleniumhq.org/exceptions/no_such_element.html
Build info: version: &apos;2.48.2&apos;, revision: &apos;41bccdd&apos;, time: &apos;2015-10-09 19:59:12&apos;
System info: host: &apos;E5530-2340&apos;, ip: &apos;10.0.0.73&apos;, os.name: &apos;Windows 7&apos;, os.arch: &apos;amd64&apos;, os.version: &apos;6.1&apos;, java.version: &apos;1.8.0_66&apos;
Driver info: org.openqa.selenium.chrome.ChromeDriver
Capabilities [{applicationCacheEnabled=false, rotatable=false, mobileEmulationEnabled=false, chrome={userDataDir=C:\Users\jslee\AppData\Local\Temp\scoped_dir8932_29694}, takesHeapSnapshot=true, databaseEnabled=false, handlesAlerts=true, hasTouchScreen=false, version=50.0.2661.102, platform=XP, browserConnectionEnabled=false, nativeEvents=true, acceptSslCerts=true, locationContextEnabled=true, webStorageEnabled=true, browserName=chrome, takesScreenshot=true, javascriptEnabled=true, cssSelectorsEnabled=true}]
Session ID: 588d3955eb39ceb20c1e1b75f3050f14
*** Element info: {Using=xpath, value=tbody/tr[contains(.,&apos;TE111 &apos;)]}
	at org.openqa.selenium.remote.ErrorHandler.createThrowable(ErrorHandler.java:206)
	at org.openqa.selenium.remote.ErrorHandler.throwIfResponseFailed(ErrorHandler.java:158)
	at org.openqa.selenium.remote.RemoteWebDriver.execute(RemoteWebDriver.java:647)
	at org.openqa.selenium.remote.RemoteWebElement.execute(RemoteWebElement.java:326)
	at org.openqa.selenium.remote.RemoteWebElement.findElement(RemoteWebElement.java:197)
	at org.openqa.selenium.remote.RemoteWebElement.findElementByXPath(RemoteWebElement.java:294)
	at org.openqa.selenium.By$ByXPath.findElement(By.java:361)
	at org.openqa.selenium.remote.RemoteWebElement.findElement(RemoteWebElement.java:193)
	at com.test1.pages.WebTable.getRowElement(WebTable.java:116)
	at com.test1.pages.DefaultLandingPage.isAddNewCaseSuccessful(DefaultLandingPage.java:169)
	at com.test1.tests.RTest.testSuccessfulAddNewCase(RTest.java:66)
... Removed 27 stack frames</pre></div><a href='#' onClick='toggleBox("stack-trace587180314", this, "Click to show all stack frames", "Click to hide stack frames")'>Click to show all stack frames</a>
<div class='stack-trace' id='stack-trace587180314'><pre>org.openqa.selenium.NoSuchElementException: no such element: Unable to locate element: {&quot;method&quot;:&quot;xpath&quot;,&quot;selector&quot;:&quot;tbody/tr[contains(.,&apos;TE111 &apos;)]&quot;}
  (Session info: chrome=50.0.2661.102)
  (Driver info: chromedriver=2.20.353145 (343b531d31eeb933ec778dbcf7081628a1396067),platform=Windows NT 6.1 SP1 x86_64) (WARNING: The server did not provide any stacktrace information)
Command duration or timeout: 45.00 seconds
For documentation on this error, please visit: http://seleniumhq.org/exceptions/no_such_element.html
Build info: version: &apos;2.48.2&apos;, revision: &apos;41bccdd&apos;, time: &apos;2015-10-09 19:59:12&apos;
System info: host: &apos;E5530-2340&apos;, ip: &apos;10.0.0.73&apos;, os.name: &apos;Windows 7&apos;, os.arch: &apos;amd64&apos;, os.version: &apos;6.1&apos;, java.version: &apos;1.8.0_66&apos;
Driver info: org.openqa.selenium.chrome.ChromeDriver
Capabilities [{applicationCacheEnabled=false, rotatable=false, mobileEmulationEnabled=false, chrome={userDataDir=C:\Users\jslee\AppData\Local\Temp\scoped_dir8932_29694}, takesHeapSnapshot=true, databaseEnabled=false, handlesAlerts=true, hasTouchScreen=false, version=50.0.2661.102, platform=XP, browserConnectionEnabled=false, nativeEvents=true, acceptSslCerts=true, locationContextEnabled=true, webStorageEnabled=true, browserName=chrome, takesScreenshot=true, javascriptEnabled=true, cssSelectorsEnabled=true}]
Session ID: 588d3955eb39ceb20c1e1b75f3050f14
*** Element info: {Using=xpath, value=tbody/tr[contains(.,&apos;TE111 &apos;)]}
	at sun.reflect.NativeConstructorAccessorImpl.newInstance0(Native Method)
	at sun.reflect.NativeConstructorAccessorImpl.newInstance(NativeConstructorAccessorImpl.java:62)
	at sun.reflect.DelegatingConstructorAccessorImpl.newInstance(DelegatingConstructorAccessorImpl.java:45)
	at java.lang.reflect.Constructor.newInstance(Constructor.java:422)
	at org.openqa.selenium.remote.ErrorHandler.createThrowable(ErrorHandler.java:206)
	at org.openqa.selenium.remote.ErrorHandler.throwIfResponseFailed(ErrorHandler.java:158)
	at org.openqa.selenium.remote.RemoteWebDriver.execute(RemoteWebDriver.java:647)
	at org.openqa.selenium.remote.RemoteWebElement.execute(RemoteWebElement.java:326)
	at org.openqa.selenium.remote.RemoteWebElement.findElement(RemoteWebElement.java:197)
	at org.openqa.selenium.remote.RemoteWebElement.findElementByXPath(RemoteWebElement.java:294)
	at org.openqa.selenium.By$ByXPath.findElement(By.java:361)
	at org.openqa.selenium.remote.RemoteWebElement.findElement(RemoteWebElement.java:193)
	at com.test1.pages.WebTable.getRowElement(WebTable.java:116)
	at com.test1.pages.DefaultLandingPage.isAddNewCaseSuccessful(DefaultLandingPage.java:169)
	at com.test1.tests.RTest.testSuccessfulAddNewCase(RTest.java:66)
	at sun.reflect.NativeMethodAccessorImpl.invoke0(Native Method)
	at sun.reflect.NativeMethodAccessorImpl.invoke(NativeMethodAccessorImpl.java:62)
	at sun.reflect.DelegatingMethodAccessorImpl.invoke(DelegatingMethodAccessorImpl.java:43)
	at java.lang.reflect.Method.invoke(Method.java:497)
	at org.testng.internal.MethodInvocationHelper.invokeMethod(MethodInvocationHelper.java:85)
	at org.testng.internal.Invoker.invokeMethod(Invoker.java:639)
	at org.testng.internal.Invoker.invokeTestMethod(Invoker.java:821)
	at org.testng.internal.Invoker.invokeTestMethods(Invoker.java:1131)
	at org.testng.internal.TestMethodWorker.invokeTestMethods(TestMethodWorker.java:124)
	at org.testng.internal.TestMethodWorker.run(TestMethodWorker.java:108)
	at org.testng.TestRunner.privateRun(TestRunner.java:773)
	at org.testng.TestRunner.run(TestRunner.java:623)
	at org.testng.SuiteRunner.runTest(SuiteRunner.java:357)
	at org.testng.SuiteRunner.runSequentially(SuiteRunner.java:352)
	at org.testng.SuiteRunner.privateRun(SuiteRunner.java:310)
	at org.testng.SuiteRunner.run(SuiteRunner.java:259)
	at org.testng.SuiteRunnerWorker.runSuite(SuiteRunnerWorker.java:52)
	at org.testng.SuiteRunnerWorker.run(SuiteRunnerWorker.java:86)
	at org.testng.TestNG.runSuitesSequentially(TestNG.java:1185)
	at org.testng.TestNG.runSuitesLocally(TestNG.java:1110)
	at org.testng.TestNG.run(TestNG.java:1018)
	at org.testng.TestNG.privateMain(TestNG.java:1325)
	at org.testng.TestNG.main(TestNG.java:1294)
</pre></div></td>
<td>71</td>
<td>com.test1.tests.RTest@7d4793a8</td></tr>
<tr>
<td title='com.test1.tests.RTest.testSuccessfulCreateNewClaimant()'><b>testSuccessfulCreateNewClaimant</b><br>Test class: com.test1.tests.RTest<br>Parameters: AP1TypeR12, HI, Maui, Toshiya, Joshima, 321-54-9876, Male, Single, 07, 12, 1955</td>
<td><div><pre>org.openqa.selenium.NoSuchElementException: no such element: Unable to locate element: {&quot;method&quot;:&quot;partial link text&quot;,&quot;selector&quot;:&quot;AP1TypeR12&quot;}
  (Session info: chrome=50.0.2661.102)
  (Driver info: chromedriver=2.20.353145 (343b531d31eeb933ec778dbcf7081628a1396067),platform=Windows NT 6.1 SP1 x86_64) (WARNING: The server did not provide any stacktrace information)
Command duration or timeout: 45.09 seconds
For documentation on this error, please visit: http://seleniumhq.org/exceptions/no_such_element.html
Build info: version: &apos;2.48.2&apos;, revision: &apos;41bccdd&apos;, time: &apos;2015-10-09 19:59:12&apos;
System info: host: &apos;E5530-2340&apos;, ip: &apos;10.0.0.73&apos;, os.name: &apos;Windows 7&apos;, os.arch: &apos;amd64&apos;, os.version: &apos;6.1&apos;, java.version: &apos;1.8.0_66&apos;
Driver info: org.openqa.selenium.chrome.ChromeDriver
Capabilities [{applicationCacheEnabled=false, rotatable=false, mobileEmulationEnabled=false, chrome={userDataDir=C:\Users\jslee\AppData\Local\Temp\scoped_dir8396_960}, takesHeapSnapshot=true, databaseEnabled=false, handlesAlerts=true, hasTouchScreen=false, version=50.0.2661.102, platform=XP, browserConnectionEnabled=false, nativeEvents=true, acceptSslCerts=true, locationContextEnabled=true, webStorageEnabled=true, browserName=chrome, takesScreenshot=true, javascriptEnabled=true, cssSelectorsEnabled=true}]
Session ID: 3c5c89c4290970aa94eb236f0661c541
*** Element info: {Using=partial link text, value=AP1TypeR12}
	at org.openqa.selenium.remote.ErrorHandler.createThrowable(ErrorHandler.java:206)
	at org.openqa.selenium.remote.ErrorHandler.throwIfResponseFailed(ErrorHandler.java:158)
	at org.openqa.selenium.remote.RemoteWebDriver.execute(RemoteWebDriver.java:647)
	at org.openqa.selenium.remote.RemoteWebDriver.findElement(RemoteWebDriver.java:353)
	at org.openqa.selenium.remote.RemoteWebDriver.findElementByPartialLinkText(RemoteWebDriver.java:426)
	at org.openqa.selenium.By$ByPartialLinkText.findElement(By.java:273)
	at org.openqa.selenium.remote.RemoteWebDriver.findElement(RemoteWebDriver.java:345)
	at com.test1.pages.DefaultLandingPage.clickCaseNumbertLink(DefaultLandingPage.java:502)
	at com.test1.tests.RTest.testSuccessfulCreateNewClaimant(RTest.java:132)
... Removed 27 stack frames</pre></div><a href='#' onClick='toggleBox("stack-trace2041264753", this, "Click to show all stack frames", "Click to hide stack frames")'>Click to show all stack frames</a>
<div class='stack-trace' id='stack-trace2041264753'><pre>org.openqa.selenium.NoSuchElementException: no such element: Unable to locate element: {&quot;method&quot;:&quot;partial link text&quot;,&quot;selector&quot;:&quot;AP1TypeR12&quot;}
  (Session info: chrome=50.0.2661.102)
  (Driver info: chromedriver=2.20.353145 (343b531d31eeb933ec778dbcf7081628a1396067),platform=Windows NT 6.1 SP1 x86_64) (WARNING: The server did not provide any stacktrace information)
Command duration or timeout: 45.09 seconds
For documentation on this error, please visit: http://seleniumhq.org/exceptions/no_such_element.html
Build info: version: &apos;2.48.2&apos;, revision: &apos;41bccdd&apos;, time: &apos;2015-10-09 19:59:12&apos;
System info: host: &apos;E5530-2340&apos;, ip: &apos;10.0.0.73&apos;, os.name: &apos;Windows 7&apos;, os.arch: &apos;amd64&apos;, os.version: &apos;6.1&apos;, java.version: &apos;1.8.0_66&apos;
Driver info: org.openqa.selenium.chrome.ChromeDriver
Capabilities [{applicationCacheEnabled=false, rotatable=false, mobileEmulationEnabled=false, chrome={userDataDir=C:\Users\jslee\AppData\Local\Temp\scoped_dir8396_960}, takesHeapSnapshot=true, databaseEnabled=false, handlesAlerts=true, hasTouchScreen=false, version=50.0.2661.102, platform=XP, browserConnectionEnabled=false, nativeEvents=true, acceptSslCerts=true, locationContextEnabled=true, webStorageEnabled=true, browserName=chrome, takesScreenshot=true, javascriptEnabled=true, cssSelectorsEnabled=true}]
Session ID: 3c5c89c4290970aa94eb236f0661c541
*** Element info: {Using=partial link text, value=AP1TypeR12}
	at sun.reflect.NativeConstructorAccessorImpl.newInstance0(Native Method)
	at sun.reflect.NativeConstructorAccessorImpl.newInstance(NativeConstructorAccessorImpl.java:62)
	at sun.reflect.DelegatingConstructorAccessorImpl.newInstance(DelegatingConstructorAccessorImpl.java:45)
	at java.lang.reflect.Constructor.newInstance(Constructor.java:422)
	at org.openqa.selenium.remote.ErrorHandler.createThrowable(ErrorHandler.java:206)
	at org.openqa.selenium.remote.ErrorHandler.throwIfResponseFailed(ErrorHandler.java:158)
	at org.openqa.selenium.remote.RemoteWebDriver.execute(RemoteWebDriver.java:647)
	at org.openqa.selenium.remote.RemoteWebDriver.findElement(RemoteWebDriver.java:353)
	at org.openqa.selenium.remote.RemoteWebDriver.findElementByPartialLinkText(RemoteWebDriver.java:426)
	at org.openqa.selenium.By$ByPartialLinkText.findElement(By.java:273)
	at org.openqa.selenium.remote.RemoteWebDriver.findElement(RemoteWebDriver.java:345)
	at com.test1.pages.DefaultLandingPage.clickCaseNumbertLink(DefaultLandingPage.java:502)
	at com.test1.tests.RTest.testSuccessfulCreateNewClaimant(RTest.java:132)
	at sun.reflect.NativeMethodAccessorImpl.invoke0(Native Method)
	at sun.reflect.NativeMethodAccessorImpl.invoke(NativeMethodAccessorImpl.java:62)
	at sun.reflect.DelegatingMethodAccessorImpl.invoke(DelegatingMethodAccessorImpl.java:43)
	at java.lang.reflect.Method.invoke(Method.java:497)
	at org.testng.internal.MethodInvocationHelper.invokeMethod(MethodInvocationHelper.java:85)
	at org.testng.internal.Invoker.invokeMethod(Invoker.java:639)
	at org.testng.internal.Invoker.invokeTestMethod(Invoker.java:821)
	at org.testng.internal.Invoker.invokeTestMethods(Invoker.java:1131)
	at org.testng.internal.TestMethodWorker.invokeTestMethods(TestMethodWorker.java:124)
	at org.testng.internal.TestMethodWorker.run(TestMethodWorker.java:108)
	at org.testng.TestRunner.privateRun(TestRunner.java:773)
	at org.testng.TestRunner.run(TestRunner.java:623)
	at org.testng.SuiteRunner.runTest(SuiteRunner.java:357)
	at org.testng.SuiteRunner.runSequentially(SuiteRunner.java:352)
	at org.testng.SuiteRunner.privateRun(SuiteRunner.java:310)
	at org.testng.SuiteRunner.run(SuiteRunner.java:259)
	at org.testng.SuiteRunnerWorker.runSuite(SuiteRunnerWorker.java:52)
	at org.testng.SuiteRunnerWorker.run(SuiteRunnerWorker.java:86)
	at org.testng.TestNG.runSuitesSequentially(TestNG.java:1185)
	at org.testng.TestNG.runSuitesLocally(TestNG.java:1110)
	at org.testng.TestNG.run(TestNG.java:1018)
	at org.testng.TestNG.privateMain(TestNG.java:1325)
	at org.testng.TestNG.main(TestNG.java:1294)
</pre></div></td>
<td>57</td>
<td>com.test1.tests.RTest@7d4793a8</td></tr>
<tr>
<td title='com.test1.tests.RTest.testSuccessfulDocAttachment()'><b>testSuccessfulDocAttachment</b><br>Test class: com.test1.tests.RTest<br>Parameters: S14RB26, bbb5, PO, Bai1.jpg</td>
<td><div><pre>org.openqa.selenium.NoSuchElementException: no such element: Unable to locate element: {&quot;method&quot;:&quot;xpath&quot;,&quot;selector&quot;:&quot;tbody/tr[contains(.,&apos;bbb5&apos;)]&quot;}
  (Session info: chrome=50.0.2661.102)
  (Driver info: chromedriver=2.20.353145 (343b531d31eeb933ec778dbcf7081628a1396067),platform=Windows NT 6.1 SP1 x86_64) (WARNING: The server did not provide any stacktrace information)
Command duration or timeout: 45.04 seconds
For documentation on this error, please visit: http://seleniumhq.org/exceptions/no_such_element.html
Build info: version: &apos;2.48.2&apos;, revision: &apos;41bccdd&apos;, time: &apos;2015-10-09 19:59:12&apos;
System info: host: &apos;E5530-2340&apos;, ip: &apos;10.0.0.73&apos;, os.name: &apos;Windows 7&apos;, os.arch: &apos;amd64&apos;, os.version: &apos;6.1&apos;, java.version: &apos;1.8.0_66&apos;
Driver info: org.openqa.selenium.chrome.ChromeDriver
Capabilities [{applicationCacheEnabled=false, rotatable=false, mobileEmulationEnabled=false, chrome={userDataDir=C:\Users\jslee\AppData\Local\Temp\scoped_dir6736_13412}, takesHeapSnapshot=true, databaseEnabled=false, handlesAlerts=true, hasTouchScreen=false, version=50.0.2661.102, platform=XP, browserConnectionEnabled=false, nativeEvents=true, acceptSslCerts=true, locationContextEnabled=true, webStorageEnabled=true, browserName=chrome, takesScreenshot=true, javascriptEnabled=true, cssSelectorsEnabled=true}]
Session ID: 95df4ebf5b0af2448ff5aa91aee98498
*** Element info: {Using=xpath, value=tbody/tr[contains(.,&apos;bbb5&apos;)]}
	at org.openqa.selenium.remote.ErrorHandler.createThrowable(ErrorHandler.java:206)
	at org.openqa.selenium.remote.ErrorHandler.throwIfResponseFailed(ErrorHandler.java:158)
	at org.openqa.selenium.remote.RemoteWebDriver.execute(RemoteWebDriver.java:647)
	at org.openqa.selenium.remote.RemoteWebElement.execute(RemoteWebElement.java:326)
	at org.openqa.selenium.remote.RemoteWebElement.findElement(RemoteWebElement.java:197)
	at org.openqa.selenium.remote.RemoteWebElement.findElementByXPath(RemoteWebElement.java:294)
	at org.openqa.selenium.By$ByXPath.findElement(By.java:361)
	at org.openqa.selenium.remote.RemoteWebElement.findElement(RemoteWebElement.java:193)
	at com.test1.pages.WebTable.getRowElement(WebTable.java:116)
	at com.test1.pages.RelatedDocumentsTab.isAttachDocumentSuccessful(RelatedDocumentsTab.java:148)
	at com.test1.tests.RTest.testSuccessfulDocAttachment(RTest.java:202)
... Removed 27 stack frames</pre></div><a href='#' onClick='toggleBox("stack-trace1792473683", this, "Click to show all stack frames", "Click to hide stack frames")'>Click to show all stack frames</a>
<div class='stack-trace' id='stack-trace1792473683'><pre>org.openqa.selenium.NoSuchElementException: no such element: Unable to locate element: {&quot;method&quot;:&quot;xpath&quot;,&quot;selector&quot;:&quot;tbody/tr[contains(.,&apos;bbb5&apos;)]&quot;}
  (Session info: chrome=50.0.2661.102)
  (Driver info: chromedriver=2.20.353145 (343b531d31eeb933ec778dbcf7081628a1396067),platform=Windows NT 6.1 SP1 x86_64) (WARNING: The server did not provide any stacktrace information)
Command duration or timeout: 45.04 seconds
For documentation on this error, please visit: http://seleniumhq.org/exceptions/no_such_element.html
Build info: version: &apos;2.48.2&apos;, revision: &apos;41bccdd&apos;, time: &apos;2015-10-09 19:59:12&apos;
System info: host: &apos;E5530-2340&apos;, ip: &apos;10.0.0.73&apos;, os.name: &apos;Windows 7&apos;, os.arch: &apos;amd64&apos;, os.version: &apos;6.1&apos;, java.version: &apos;1.8.0_66&apos;
Driver info: org.openqa.selenium.chrome.ChromeDriver
Capabilities [{applicationCacheEnabled=false, rotatable=false, mobileEmulationEnabled=false, chrome={userDataDir=C:\Users\jslee\AppData\Local\Temp\scoped_dir6736_13412}, takesHeapSnapshot=true, databaseEnabled=false, handlesAlerts=true, hasTouchScreen=false, version=50.0.2661.102, platform=XP, browserConnectionEnabled=false, nativeEvents=true, acceptSslCerts=true, locationContextEnabled=true, webStorageEnabled=true, browserName=chrome, takesScreenshot=true, javascriptEnabled=true, cssSelectorsEnabled=true}]
Session ID: 95df4ebf5b0af2448ff5aa91aee98498
*** Element info: {Using=xpath, value=tbody/tr[contains(.,&apos;bbb5&apos;)]}
	at sun.reflect.NativeConstructorAccessorImpl.newInstance0(Native Method)
	at sun.reflect.NativeConstructorAccessorImpl.newInstance(NativeConstructorAccessorImpl.java:62)
	at sun.reflect.DelegatingConstructorAccessorImpl.newInstance(DelegatingConstructorAccessorImpl.java:45)
	at java.lang.reflect.Constructor.newInstance(Constructor.java:422)
	at org.openqa.selenium.remote.ErrorHandler.createThrowable(ErrorHandler.java:206)
	at org.openqa.selenium.remote.ErrorHandler.throwIfResponseFailed(ErrorHandler.java:158)
	at org.openqa.selenium.remote.RemoteWebDriver.execute(RemoteWebDriver.java:647)
	at org.openqa.selenium.remote.RemoteWebElement.execute(RemoteWebElement.java:326)
	at org.openqa.selenium.remote.RemoteWebElement.findElement(RemoteWebElement.java:197)
	at org.openqa.selenium.remote.RemoteWebElement.findElementByXPath(RemoteWebElement.java:294)
	at org.openqa.selenium.By$ByXPath.findElement(By.java:361)
	at org.openqa.selenium.remote.RemoteWebElement.findElement(RemoteWebElement.java:193)
	at com.test1.pages.WebTable.getRowElement(WebTable.java:116)
	at com.test1.pages.RelatedDocumentsTab.isAttachDocumentSuccessful(RelatedDocumentsTab.java:148)
	at com.test1.tests.RTest.testSuccessfulDocAttachment(RTest.java:202)
	at sun.reflect.NativeMethodAccessorImpl.invoke0(Native Method)
	at sun.reflect.NativeMethodAccessorImpl.invoke(NativeMethodAccessorImpl.java:62)
	at sun.reflect.DelegatingMethodAccessorImpl.invoke(DelegatingMethodAccessorImpl.java:43)
	at java.lang.reflect.Method.invoke(Method.java:497)
	at org.testng.internal.MethodInvocationHelper.invokeMethod(MethodInvocationHelper.java:85)
	at org.testng.internal.Invoker.invokeMethod(Invoker.java:639)
	at org.testng.internal.Invoker.invokeTestMethod(Invoker.java:821)
	at org.testng.internal.Invoker.invokeTestMethods(Invoker.java:1131)
	at org.testng.internal.TestMethodWorker.invokeTestMethods(TestMethodWorker.java:124)
	at org.testng.internal.TestMethodWorker.run(TestMethodWorker.java:108)
	at org.testng.TestRunner.privateRun(TestRunner.java:773)
	at org.testng.TestRunner.run(TestRunner.java:623)
	at org.testng.SuiteRunner.runTest(SuiteRunner.java:357)
	at org.testng.SuiteRunner.runSequentially(SuiteRunner.java:352)
	at org.testng.SuiteRunner.privateRun(SuiteRunner.java:310)
	at org.testng.SuiteRunner.run(SuiteRunner.java:259)
	at org.testng.SuiteRunnerWorker.runSuite(SuiteRunnerWorker.java:52)
	at org.testng.SuiteRunnerWorker.run(SuiteRunnerWorker.java:86)
	at org.testng.TestNG.runSuitesSequentially(TestNG.java:1185)
	at org.testng.TestNG.runSuitesLocally(TestNG.java:1110)
	at org.testng.TestNG.run(TestNG.java:1018)
	at org.testng.TestNG.privateMain(TestNG.java:1325)
	at org.testng.TestNG.main(TestNG.java:1294)
</pre></div></td>
<td>86</td>
<td>com.test1.tests.RTest@7d4793a8</td></tr>
<tr>
<td title='com.test1.tests.RTest.testSuccessfulNotesAdd()'><b>testSuccessfulNotesAdd</b><br>Test class: com.test1.tests.RTest<br>Parameters: TE555, Shingo's b16A cam upgrade</td>
<td><div><pre>org.openqa.selenium.NoSuchElementException: no such element: Unable to locate element: {&quot;method&quot;:&quot;xpath&quot;,&quot;selector&quot;:&quot;//*[@id=&apos;page-container&apos;]/div/div/div[2]/div[7]/div/div/div[2]/ul/li/div[2]/p&quot;}
  (Session info: chrome=50.0.2661.102)
  (Driver info: chromedriver=2.20.353145 (343b531d31eeb933ec778dbcf7081628a1396067),platform=Windows NT 6.1 SP1 x86_64) (WARNING: The server did not provide any stacktrace information)
Command duration or timeout: 45.00 seconds
For documentation on this error, please visit: http://seleniumhq.org/exceptions/no_such_element.html
Build info: version: &apos;2.48.2&apos;, revision: &apos;41bccdd&apos;, time: &apos;2015-10-09 19:59:12&apos;
System info: host: &apos;E5530-2340&apos;, ip: &apos;10.0.0.73&apos;, os.name: &apos;Windows 7&apos;, os.arch: &apos;amd64&apos;, os.version: &apos;6.1&apos;, java.version: &apos;1.8.0_66&apos;
Driver info: org.openqa.selenium.chrome.ChromeDriver
Capabilities [{applicationCacheEnabled=false, rotatable=false, mobileEmulationEnabled=false, chrome={userDataDir=C:\Users\jslee\AppData\Local\Temp\scoped_dir4504_8428}, takesHeapSnapshot=true, databaseEnabled=false, handlesAlerts=true, hasTouchScreen=false, version=50.0.2661.102, platform=XP, browserConnectionEnabled=false, nativeEvents=true, acceptSslCerts=true, locationContextEnabled=true, webStorageEnabled=true, browserName=chrome, takesScreenshot=true, javascriptEnabled=true, cssSelectorsEnabled=true}]
Session ID: 70c2ab4182fe50b6555f6b8b9623c220
*** Element info: {Using=xpath, value=//*[@id=&apos;page-container&apos;]/div/div/div[2]/div[7]/div/div/div[2]/ul/li/div[2]/p}
	at org.openqa.selenium.remote.ErrorHandler.createThrowable(ErrorHandler.java:206)
	at org.openqa.selenium.remote.ErrorHandler.throwIfResponseFailed(ErrorHandler.java:158)
	at org.openqa.selenium.remote.RemoteWebDriver.execute(RemoteWebDriver.java:647)
	at org.openqa.selenium.remote.RemoteWebDriver.findElement(RemoteWebDriver.java:353)
	at org.openqa.selenium.remote.RemoteWebDriver.findElementByXPath(RemoteWebDriver.java:490)
	at org.openqa.selenium.By$ByXPath.findElement(By.java:361)
	at org.openqa.selenium.remote.RemoteWebDriver.findElement(RemoteWebDriver.java:345)
	at com.test1.pages.NotesTab.isAddNotesSuccessful(NotesTab.java:83)
	at com.test1.tests.RTest.testSuccessfulNotesAdd(RTest.java:237)
... Removed 27 stack frames</pre></div><a href='#' onClick='toggleBox("stack-trace1527906606", this, "Click to show all stack frames", "Click to hide stack frames")'>Click to show all stack frames</a>
<div class='stack-trace' id='stack-trace1527906606'><pre>org.openqa.selenium.NoSuchElementException: no such element: Unable to locate element: {&quot;method&quot;:&quot;xpath&quot;,&quot;selector&quot;:&quot;//*[@id=&apos;page-container&apos;]/div/div/div[2]/div[7]/div/div/div[2]/ul/li/div[2]/p&quot;}
  (Session info: chrome=50.0.2661.102)
  (Driver info: chromedriver=2.20.353145 (343b531d31eeb933ec778dbcf7081628a1396067),platform=Windows NT 6.1 SP1 x86_64) (WARNING: The server did not provide any stacktrace information)
Command duration or timeout: 45.00 seconds
For documentation on this error, please visit: http://seleniumhq.org/exceptions/no_such_element.html
Build info: version: &apos;2.48.2&apos;, revision: &apos;41bccdd&apos;, time: &apos;2015-10-09 19:59:12&apos;
System info: host: &apos;E5530-2340&apos;, ip: &apos;10.0.0.73&apos;, os.name: &apos;Windows 7&apos;, os.arch: &apos;amd64&apos;, os.version: &apos;6.1&apos;, java.version: &apos;1.8.0_66&apos;
Driver info: org.openqa.selenium.chrome.ChromeDriver
Capabilities [{applicationCacheEnabled=false, rotatable=false, mobileEmulationEnabled=false, chrome={userDataDir=C:\Users\jslee\AppData\Local\Temp\scoped_dir4504_8428}, takesHeapSnapshot=true, databaseEnabled=false, handlesAlerts=true, hasTouchScreen=false, version=50.0.2661.102, platform=XP, browserConnectionEnabled=false, nativeEvents=true, acceptSslCerts=true, locationContextEnabled=true, webStorageEnabled=true, browserName=chrome, takesScreenshot=true, javascriptEnabled=true, cssSelectorsEnabled=true}]
Session ID: 70c2ab4182fe50b6555f6b8b9623c220
*** Element info: {Using=xpath, value=//*[@id=&apos;page-container&apos;]/div/div/div[2]/div[7]/div/div/div[2]/ul/li/div[2]/p}
	at sun.reflect.NativeConstructorAccessorImpl.newInstance0(Native Method)
	at sun.reflect.NativeConstructorAccessorImpl.newInstance(NativeConstructorAccessorImpl.java:62)
	at sun.reflect.DelegatingConstructorAccessorImpl.newInstance(DelegatingConstructorAccessorImpl.java:45)
	at java.lang.reflect.Constructor.newInstance(Constructor.java:422)
	at org.openqa.selenium.remote.ErrorHandler.createThrowable(ErrorHandler.java:206)
	at org.openqa.selenium.remote.ErrorHandler.throwIfResponseFailed(ErrorHandler.java:158)
	at org.openqa.selenium.remote.RemoteWebDriver.execute(RemoteWebDriver.java:647)
	at org.openqa.selenium.remote.RemoteWebDriver.findElement(RemoteWebDriver.java:353)
	at org.openqa.selenium.remote.RemoteWebDriver.findElementByXPath(RemoteWebDriver.java:490)
	at org.openqa.selenium.By$ByXPath.findElement(By.java:361)
	at org.openqa.selenium.remote.RemoteWebDriver.findElement(RemoteWebDriver.java:345)
	at com.test1.pages.NotesTab.isAddNotesSuccessful(NotesTab.java:83)
	at com.test1.tests.RTest.testSuccessfulNotesAdd(RTest.java:237)
	at sun.reflect.NativeMethodAccessorImpl.invoke0(Native Method)
	at sun.reflect.NativeMethodAccessorImpl.invoke(NativeMethodAccessorImpl.java:62)
	at sun.reflect.DelegatingMethodAccessorImpl.invoke(DelegatingMethodAccessorImpl.java:43)
	at java.lang.reflect.Method.invoke(Method.java:497)
	at org.testng.internal.MethodInvocationHelper.invokeMethod(MethodInvocationHelper.java:85)
	at org.testng.internal.Invoker.invokeMethod(Invoker.java:639)
	at org.testng.internal.Invoker.invokeTestMethod(Invoker.java:821)
	at org.testng.internal.Invoker.invokeTestMethods(Invoker.java:1131)
	at org.testng.internal.TestMethodWorker.invokeTestMethods(TestMethodWorker.java:124)
	at org.testng.internal.TestMethodWorker.run(TestMethodWorker.java:108)
	at org.testng.TestRunner.privateRun(TestRunner.java:773)
	at org.testng.TestRunner.run(TestRunner.java:623)
	at org.testng.SuiteRunner.runTest(SuiteRunner.java:357)
	at org.testng.SuiteRunner.runSequentially(SuiteRunner.java:352)
	at org.testng.SuiteRunner.privateRun(SuiteRunner.java:310)
	at org.testng.SuiteRunner.run(SuiteRunner.java:259)
	at org.testng.SuiteRunnerWorker.runSuite(SuiteRunnerWorker.java:52)
	at org.testng.SuiteRunnerWorker.run(SuiteRunnerWorker.java:86)
	at org.testng.TestNG.runSuitesSequentially(TestNG.java:1185)
	at org.testng.TestNG.runSuitesLocally(TestNG.java:1110)
	at org.testng.TestNG.run(TestNG.java:1018)
	at org.testng.TestNG.privateMain(TestNG.java:1325)
	at org.testng.TestNG.main(TestNG.java:1294)
</pre></div></td>
<td>99</td>
<td>com.test1.tests.RTest@7d4793a8</td></tr>
</table><p>
<table width='100%' border='1' class='invocation-passed'>
<tr><td colspan='4' align='center'><b>PASSED TESTS</b></td></tr>
<tr><td><b>Test method</b></td>
<td width="30%"><b>Exception</b></td>
<td width="10%"><b>Time (seconds)</b></td>
<td><b>Instance</b></td>
</tr>
<tr>
<td title='com.test1.tests.RTest.testSuccessfulAddNewCase()'><b>testSuccessfulAddNewCase</b><br>Test class: com.test1.tests.RTest<br>Parameters: FC3STD06G20, Ryosuke, Takahashi</td>
<td></td>
<td>29</td>
<td>com.test1.tests.RTest@7d4793a8</td></tr>
<tr>
<td title='com.test1.tests.RTest.testSuccessfulAddNewCase()'><b>testSuccessfulAddNewCase</b><br>Test class: com.test1.tests.RTest<br>Parameters: AE864AGTE, Paul, Phoenix</td>
<td></td>
<td>30</td>
<td>com.test1.tests.RTest@7d4793a8</td></tr>
<tr>
<td title='com.test1.tests.RTest.testSuccessfulAddNewCase()'><b>testSuccessfulAddNewCase</b><br>Test class: com.test1.tests.RTest<br>Parameters: EA21RRR, Sid, Sakamoto</td>
<td></td>
<td>30</td>
<td>com.test1.tests.RTest@7d4793a8</td></tr>
<tr>
<td title='com.test1.tests.RTest.testSuccessfulAddNewCase()'><b>testSuccessfulAddNewCase</b><br>Test class: com.test1.tests.RTest<br>Parameters: EF9B16A, Buck, Rogers</td>
<td></td>
<td>30</td>
<td>com.test1.tests.RTest@7d4793a8</td></tr>
<tr>
<td title='com.test1.tests.RTest.testSuccessfulAddNewCase()'><b>testSuccessfulAddNewCase</b><br>Test class: com.test1.tests.RTest<br>Parameters: S14RB26, Duke, Togo</td>
<td></td>
<td>30</td>
<td>com.test1.tests.RTest@7d4793a8</td></tr>
<tr>
<td title='com.test1.tests.RTest.testSuccessfulAddNewCase()'><b>testSuccessfulAddNewCase</b><br>Test class: com.test1.tests.RTest<br>Parameters: EG6B18C, Hei, Mishima</td>
<td></td>
<td>29</td>
<td>com.test1.tests.RTest@7d4793a8</td></tr>
<tr>
<td title='com.test1.tests.RTest.testSuccessfulAddNewCase()'><b>testSuccessfulAddNewCase</b><br>Test class: com.test1.tests.RTest<br>Parameters: S15RB26, AR, King</td>
<td></td>
<td>30</td>
<td>com.test1.tests.RTest@7d4793a8</td></tr>
<tr>
<td title='com.test1.tests.RTest.testSuccessfulAddNewCase()'><b>testSuccessfulAddNewCase</b><br>Test class: com.test1.tests.RTest<br>Parameters: TE222, Anna, Williams</td>
<td></td>
<td>30</td>
<td>com.test1.tests.RTest@7d4793a8</td></tr>
<tr>
<td title='com.test1.tests.RTest.testSuccessfulAddNewCase()'><b>testSuccessfulAddNewCase</b><br>Test class: com.test1.tests.RTest<br>Parameters: TE333, Kazuya, Mishima</td>
<td></td>
<td>30</td>
<td>com.test1.tests.RTest@7d4793a8</td></tr>
<tr>
<td title='com.test1.tests.RTest.testSuccessfulAddNewCase()'><b>testSuccessfulAddNewCase</b><br>Test class: com.test1.tests.RTest<br>Parameters: TE444, Jun, Kazama</td>
<td></td>
<td>30</td>
<td>com.test1.tests.RTest@7d4793a8</td></tr>
<tr>
<td title='com.test1.tests.RTest.testSuccessfulAddNewPriorDealCase()'><b>testSuccessfulAddNewPriorDealCase</b><br>Test class: com.test1.tests.RTest<br>Parameters: AP1TypeRR, Toshiya, Joshima</td>
<td></td>
<td>33</td>
<td>com.test1.tests.RTest@7d4793a8</td></tr>
<tr>
<td title='com.test1.tests.RTest.testSuccessfulAddNewPriorDealCase()'><b>testSuccessfulAddNewPriorDealCase</b><br>Test class: com.test1.tests.RTest<br>Parameters: FD3STD06G20, Keisuke, Takahashi</td>
<td></td>
<td>32</td>
<td>com.test1.tests.RTest@7d4793a8</td></tr>
<tr>
<td title='com.test1.tests.RTest.testSuccessfulAddNewPriorDealCase()'><b>testSuccessfulAddNewPriorDealCase</b><br>Test class: com.test1.tests.RTest<br>Parameters: S13RB26, Tak, Gomi</td>
<td></td>
<td>32</td>
<td>com.test1.tests.RTest@7d4793a8</td></tr>
<tr>
<td title='com.test1.tests.RTest.testSuccessfulAddNewPriorDealCase()'><b>testSuccessfulAddNewPriorDealCase</b><br>Test class: com.test1.tests.RTest<br>Parameters: 180SXTYPEX, Drifter, X</td>
<td></td>
<td>34</td>
<td>com.test1.tests.RTest@7d4793a8</td></tr>
<tr>
<td title='com.test1.tests.RTest.testSuccessfulAddNewPriorDealCase()'><b>testSuccessfulAddNewPriorDealCase</b><br>Test class: com.test1.tests.RTest<br>Parameters: NA6CTypeRR, Hiro, Fumihiro</td>
<td></td>
<td>32</td>
<td>com.test1.tests.RTest@7d4793a8</td></tr>
<tr>
<td title='com.test1.tests.RTest.testSuccessfulAddNewPriorDealCase()'><b>testSuccessfulAddNewPriorDealCase</b><br>Test class: com.test1.tests.RTest<br>Parameters: NA1TypeRR, Go, Hojo</td>
<td></td>
<td>32</td>
<td>com.test1.tests.RTest@7d4793a8</td></tr>
<tr>
<td title='com.test1.tests.RTest.testSuccessfulAddNewPriorDealCase()'><b>testSuccessfulAddNewPriorDealCase</b><br>Test class: com.test1.tests.RTest<br>Parameters: TE555, Steve, Fox</td>
<td></td>
<td>32</td>
<td>com.test1.tests.RTest@7d4793a8</td></tr>
<tr>
<td title='com.test1.tests.RTest.testSuccessfulAddNewPriorDealCase()'><b>testSuccessfulAddNewPriorDealCase</b><br>Test class: com.test1.tests.RTest<br>Parameters: ANG1234, Nancy, Lang</td>
<td></td>
<td>32</td>
<td>com.test1.tests.RTest@7d4793a8</td></tr>
<tr>
<td title='com.test1.tests.RTest.testSuccessfulCaseSummaryInfo()'><b>testSuccessfulCaseSummaryInfo</b><br>Test class: com.test1.tests.RTest<br>Parameters: AP1TypeRR, HI, Maui, God hand 2000, Ready, 04, 26.0, 2016, Toshiya, Joshima</td>
<td></td>
<td>60</td>
<td>com.test1.tests.RTest@7d4793a8</td></tr>
<tr>
<td title='com.test1.tests.RTest.testSuccessfulCaseSummaryInfo()'><b>testSuccessfulCaseSummaryInfo</b><br>Test class: com.test1.tests.RTest<br>Parameters: AE864AGTE, IL, Cook County, Phoenix Smasher, New, 04, 25.0, 2016, Paul, Phoenix</td>
<td></td>
<td>60</td>
<td>com.test1.tests.RTest@7d4793a8</td></tr>
<tr>
<td title='com.test1.tests.RTest.testSuccessfulCaseSummaryInfo()'><b>testSuccessfulCaseSummaryInfo</b><br>Test class: com.test1.tests.RTest<br>Parameters: EG6B18C, CA, Santa Cruz County, adding instructions 2, Do Not Research, 04, 09, 1970, Hei, Mishima</td>
<td></td>
<td>65</td>
<td>com.test1.tests.RTest@7d4793a8</td></tr>
<tr>
<td title='com.test1.tests.RTest.testSuccessfulCaseSummaryInfo()'><b>testSuccessfulCaseSummaryInfo</b><br>Test class: com.test1.tests.RTest<br>Parameters: TE333, IL, Cook County, yes sir, Ready, 05, 20, 2017, Kazuya, Mishima</td>
<td></td>
<td>57</td>
<td>com.test1.tests.RTest@7d4793a8</td></tr>
<tr>
<td title='com.test1.tests.RTest.testSuccessfulCaseSummaryInfo()'><b>testSuccessfulCaseSummaryInfo</b><br>Test class: com.test1.tests.RTest<br>Parameters: S15RB26, ID, Bear Lake County, yeahhh 1234, Do Not Research, 10, 31, 2018, AR, King</td>
<td></td>
<td>68</td>
<td>com.test1.tests.RTest@7d4793a8</td></tr>
<tr>
<td title='com.test1.tests.RTest.testSuccessfulCaseSummaryInfo()'><b>testSuccessfulCaseSummaryInfo</b><br>Test class: com.test1.tests.RTest<br>Parameters: NA6CTypeRR, TN, Coffee County, AAAABBBBB 12345, Ready, 05, 06, 2016, Hiro, Fumihiro</td>
<td></td>
<td>57</td>
<td>com.test1.tests.RTest@7d4793a8</td></tr>
<tr>
<td title='com.test1.tests.RTest.testSuccessfulCaseSummaryInfo()'><b>testSuccessfulCaseSummaryInfo</b><br>Test class: com.test1.tests.RTest<br>Parameters: EF9B16A, CO, Adams County, adding instructionsB, New, 03, 12, 2015, Buck, Rogers</td>
<td></td>
<td>64</td>
<td>com.test1.tests.RTest@7d4793a8</td></tr>
<tr>
<td title='com.test1.tests.RTest.testSuccessfulCaseSummaryInfo()'><b>testSuccessfulCaseSummaryInfo</b><br>Test class: com.test1.tests.RTest<br>Parameters: ANG1234, GA, Gwinnett County, adding instructions 6, Ready, 10.0, 24, 1988, Nancy, Lang</td>
<td></td>
<td>71</td>
<td>com.test1.tests.RTest@7d4793a8</td></tr>
<tr>
<td title='com.test1.tests.RTest.testSuccessfulCaseSummaryInfo()'><b>testSuccessfulCaseSummaryInfo</b><br>Test class: com.test1.tests.RTest<br>Parameters: TE444, CA, San Diego County, adding instructionsA, New, 04, 25, 2016, Jun, Kazama</td>
<td></td>
<td>60</td>
<td>com.test1.tests.RTest@7d4793a8</td></tr>
<tr>
<td title='com.test1.tests.RTest.testSuccessfulCaseSummaryInfo()'><b>testSuccessfulCaseSummaryInfo</b><br>Test class: com.test1.tests.RTest<br>Parameters: S14RB26, GA, Gwinnett County, adding instructions 1, Ready, 03, 11.0, 2016, Duke, Togo</td>
<td></td>
<td>62</td>
<td>com.test1.tests.RTest@7d4793a8</td></tr>
<tr>
<td title='com.test1.tests.RTest.testSuccessfulCaseSummaryInfo()'><b>testSuccessfulCaseSummaryInfo</b><br>Test class: com.test1.tests.RTest<br>Parameters: NA1TypeRR, CA, San Diego County, adding instructions 3, Ready, 12.0, 14.0, 2016, Go, Hojo</td>
<td></td>
<td>72</td>
<td>com.test1.tests.RTest@7d4793a8</td></tr>
<tr>
<td title='com.test1.tests.RTest.testSuccessfulCaseSummaryInfo()'><b>testSuccessfulCaseSummaryInfo</b><br>Test class: com.test1.tests.RTest<br>Parameters: TE555, FL, Miami-Dade County, adding instructions 5, New, 11.0, 19.0, 2016, Steve, Fox</td>
<td></td>
<td>70</td>
<td>com.test1.tests.RTest@7d4793a8</td></tr>
<tr>
<td title='com.test1.tests.RTest.testSuccessfulCreateNewClaimant()'><b>testSuccessfulCreateNewClaimant</b><br>Test class: com.test1.tests.RTest<br>Parameters: EG6B18C, CA, Santa Cruz County, Hei, Mishima, 111-11-1111, Male, Single, 07, 04, 2016</td>
<td></td>
<td>85</td>
<td>com.test1.tests.RTest@7d4793a8</td></tr>
<tr>
<td title='com.test1.tests.RTest.testSuccessfulCreateNewClaimant()'><b>testSuccessfulCreateNewClaimant</b><br>Test class: com.test1.tests.RTest<br>Parameters: NA6CTypeRR, TN, Coffee County, Hiro, Fumihiro, 111-22-3344, Male, Married, 09, 12, 1988</td>
<td></td>
<td>93</td>
<td>com.test1.tests.RTest@7d4793a8</td></tr>
<tr>
<td title='com.test1.tests.RTest.testSuccessfulCreateNewClaimant()'><b>testSuccessfulCreateNewClaimant</b><br>Test class: com.test1.tests.RTest<br>Parameters: NA1TypeRR, CA, San Diego County, Go, Hojo, 555-55-5555, Male, Single, 06, 16, 1990</td>
<td></td>
<td>86</td>
<td>com.test1.tests.RTest@7d4793a8</td></tr>
<tr>
<td title='com.test1.tests.RTest.testSuccessfulCreateNewClaimant()'><b>testSuccessfulCreateNewClaimant</b><br>Test class: com.test1.tests.RTest<br>Parameters: TE555, FL, Miami-Dade County, Steve, Fox, 111-11-6666, Male, Married, 03, 18, 1960</td>
<td></td>
<td>91</td>
<td>com.test1.tests.RTest@7d4793a8</td></tr>
<tr>
<td title='com.test1.tests.RTest.testSuccessfulCreateNewClaimant()'><b>testSuccessfulCreateNewClaimant</b><br>Test class: com.test1.tests.RTest<br>Parameters: ANG1234, GA, Gwinnett County, Nancy, Lang, 123-45-7777, Female, Single, 04, 12, 1985</td>
<td></td>
<td>90</td>
<td>com.test1.tests.RTest@7d4793a8</td></tr>
<tr>
<td title='com.test1.tests.RTest.testSuccessfulCreateNewClaimant()'><b>testSuccessfulCreateNewClaimant</b><br>Test class: com.test1.tests.RTest<br>Parameters: AE864AGTE, IL, Cook County, Paul, Phoenix, 666-77-8888, Male, Single, 10, 15, 1970</td>
<td></td>
<td>97</td>
<td>com.test1.tests.RTest@7d4793a8</td></tr>
<tr>
<td title='com.test1.tests.RTest.testSuccessfulCreateNewClaimant()'><b>testSuccessfulCreateNewClaimant</b><br>Test class: com.test1.tests.RTest<br>Parameters: TE333, IL, Cook County, Kazuya, Mishima, 123-45-6789, Male, Married, 11, 23, 1965</td>
<td></td>
<td>100</td>
<td>com.test1.tests.RTest@7d4793a8</td></tr>
<tr>
<td title='com.test1.tests.RTest.testSuccessfulDocAttachment()'><b>testSuccessfulDocAttachment</b><br>Test class: com.test1.tests.RTest<br>Parameters: AE864AGTE, attachment1, AC, godHand4.PNG</td>
<td></td>
<td>51</td>
<td>com.test1.tests.RTest@7d4793a8</td></tr>
<tr>
<td title='com.test1.tests.RTest.testSuccessfulDocAttachment()'><b>testSuccessfulDocAttachment</b><br>Test class: com.test1.tests.RTest<br>Parameters: AE864AGTE, abcd2, BL, toshiya3.jpg</td>
<td></td>
<td>51</td>
<td>com.test1.tests.RTest@7d4793a8</td></tr>
<tr>
<td title='com.test1.tests.RTest.testSuccessfulDocAttachment()'><b>testSuccessfulDocAttachment</b><br>Test class: com.test1.tests.RTest<br>Parameters: AE864AGTE, zzz3, Exhibit, Kiar3.jpg</td>
<td></td>
<td>50</td>
<td>com.test1.tests.RTest@7d4793a8</td></tr>
<tr>
<td title='com.test1.tests.RTest.testSuccessfulDocAttachment()'><b>testSuccessfulDocAttachment</b><br>Test class: com.test1.tests.RTest<br>Parameters: AE864AGTE, RRRRR, SA, Kiar4.jpg</td>
<td></td>
<td>50</td>
<td>com.test1.tests.RTest@7d4793a8</td></tr>
<tr>
<td title='com.test1.tests.RTest.testSuccessfulDocAttachment()'><b>testSuccessfulDocAttachment</b><br>Test class: com.test1.tests.RTest<br>Parameters: S14RB26, aaa4, Petition, GodHand2.jpg</td>
<td></td>
<td>50</td>
<td>com.test1.tests.RTest@7d4793a8</td></tr>
<tr>
<td title='com.test1.tests.RTest.testSuccessfulDocAttachment()'><b>testSuccessfulDocAttachment</b><br>Test class: com.test1.tests.RTest<br>Parameters: S14RB26, ccc6, SA, Bai1.jpg</td>
<td></td>
<td>50</td>
<td>com.test1.tests.RTest@7d4793a8</td></tr>
<tr>
<td title='com.test1.tests.RTest.testSuccessfulDocAttachment()'><b>testSuccessfulDocAttachment</b><br>Test class: com.test1.tests.RTest<br>Parameters: S14RB26, attachment1, AC, attachment1.PNG</td>
<td></td>
<td>50</td>
<td>com.test1.tests.RTest@7d4793a8</td></tr>
<tr>
<td title='com.test1.tests.RTest.testSuccessfulDocAttachment()'><b>testSuccessfulDocAttachment</b><br>Test class: com.test1.tests.RTest<br>Parameters: S14RB26, abcd2, BL, Bai2.jpg</td>
<td></td>
<td>50</td>
<td>com.test1.tests.RTest@7d4793a8</td></tr>
<tr>
<td title='com.test1.tests.RTest.testSuccessfulDocAttachment()'><b>testSuccessfulDocAttachment</b><br>Test class: com.test1.tests.RTest<br>Parameters: S14RB26, zzz3, Exhibit, attach3.PNG</td>
<td></td>
<td>50</td>
<td>com.test1.tests.RTest@7d4793a8</td></tr>
<tr>
<td title='com.test1.tests.RTest.testSuccessfulDocAttachment()'><b>testSuccessfulDocAttachment</b><br>Test class: com.test1.tests.RTest<br>Parameters: AE864AGTE, aaa4, Petition, Kiar3.jpg</td>
<td></td>
<td>50</td>
<td>com.test1.tests.RTest@7d4793a8</td></tr>
<tr>
<td title='com.test1.tests.RTest.testSuccessfulDocAttachment()'><b>testSuccessfulDocAttachment</b><br>Test class: com.test1.tests.RTest<br>Parameters: AE864AGTE, bbb5, PO, attachment5.PNG</td>
<td></td>
<td>50</td>
<td>com.test1.tests.RTest@7d4793a8</td></tr>
<tr>
<td title='com.test1.tests.RTest.testSuccessfulLumpsumPayAddLC()'><b>testSuccessfulLumpsumPayAddLC</b><br>Test class: com.test1.tests.RTest<br>Parameters: FC3STD06G20, 20, 09, 1999, 100000</td>
<td></td>
<td>64</td>
<td>com.test1.tests.RTest@7d4793a8</td></tr>
<tr>
<td title='com.test1.tests.RTest.testSuccessfulLumpsumPayAddLC()'><b>testSuccessfulLumpsumPayAddLC</b><br>Test class: com.test1.tests.RTest<br>Parameters: AE864AGTE, 11, 07, 1965, 12000</td>
<td></td>
<td>64</td>
<td>com.test1.tests.RTest@7d4793a8</td></tr>
<tr>
<td title='com.test1.tests.RTest.testSuccessfulLumpsumPayAddLC()'><b>testSuccessfulLumpsumPayAddLC</b><br>Test class: com.test1.tests.RTest<br>Parameters: EA21RRR, 15, 10, 2016, 250</td>
<td></td>
<td>66</td>
<td>com.test1.tests.RTest@7d4793a8</td></tr>
<tr>
<td title='com.test1.tests.RTest.testSuccessfulLumpsumPayAddLC()'><b>testSuccessfulLumpsumPayAddLC</b><br>Test class: com.test1.tests.RTest<br>Parameters: EF9B16A, 20, 05, 2016, 100</td>
<td></td>
<td>56</td>
<td>com.test1.tests.RTest@7d4793a8</td></tr>
<tr>
<td title='com.test1.tests.RTest.testSuccessfulLumpsumPayAddLC()'><b>testSuccessfulLumpsumPayAddLC</b><br>Test class: com.test1.tests.RTest<br>Parameters: S14RB26, 25, 03, 2016, 5</td>
<td></td>
<td>60</td>
<td>com.test1.tests.RTest@7d4793a8</td></tr>
<tr>
<td title='com.test1.tests.RTest.testSuccessfulLumpsumPayAddLC()'><b>testSuccessfulLumpsumPayAddLC</b><br>Test class: com.test1.tests.RTest<br>Parameters: EG6B18C, 26, 06, 2017, 1</td>
<td></td>
<td>59</td>
<td>com.test1.tests.RTest@7d4793a8</td></tr>
<tr>
<td title='com.test1.tests.RTest.testSuccessfulLumpsumPayAddLC()'><b>testSuccessfulLumpsumPayAddLC</b><br>Test class: com.test1.tests.RTest<br>Parameters: S15RB26, 12, 07, 2018, 25</td>
<td></td>
<td>61</td>
<td>com.test1.tests.RTest@7d4793a8</td></tr>
<tr>
<td title='com.test1.tests.RTest.testSuccessfulLumpsumPayAddLC()'><b>testSuccessfulLumpsumPayAddLC</b><br>Test class: com.test1.tests.RTest<br>Parameters: AP1TypeRR, 02, 09, 2017, 250000</td>
<td></td>
<td>65</td>
<td>com.test1.tests.RTest@7d4793a8</td></tr>
<tr>
<td title='com.test1.tests.RTest.testSuccessfulLumpsumPayAddLC()'><b>testSuccessfulLumpsumPayAddLC</b><br>Test class: com.test1.tests.RTest<br>Parameters: FD3STD06G20, 01, 11, 2011, 80000</td>
<td></td>
<td>69</td>
<td>com.test1.tests.RTest@7d4793a8</td></tr>
<tr>
<td title='com.test1.tests.RTest.testSuccessfulNotesAdd()'><b>testSuccessfulNotesAdd</b><br>Test class: com.test1.tests.RTest<br>Parameters: EF9B16A, God Hand Joshima's</td>
<td></td>
<td>58</td>
<td>com.test1.tests.RTest@7d4793a8</td></tr>
<tr>
<td title='com.test1.tests.RTest.testSuccessfulNotesAdd()'><b>testSuccessfulNotesAdd</b><br>Test class: com.test1.tests.RTest<br>Parameters: ANG1234, Ryosuke's Turbo II Infini with TD06 20G</td>
<td></td>
<td>58</td>
<td>com.test1.tests.RTest@7d4793a8</td></tr>
<tr>
<td title='com.test1.tests.RTest.testSuccessfulNotesAdd()'><b>testSuccessfulNotesAdd</b><br>Test class: com.test1.tests.RTest<br>Parameters: TE444, Hiro's NSX Type R</td>
<td></td>
<td>58</td>
<td>com.test1.tests.RTest@7d4793a8</td></tr>
<tr>
<td title='com.test1.tests.RTest.testSuccessfulNotesAdd()'><b>testSuccessfulNotesAdd</b><br>Test class: com.test1.tests.RTest<br>Parameters: S14RB26, Keisuke's FD3S BBBBB</td>
<td></td>
<td>58</td>
<td>com.test1.tests.RTest@7d4793a8</td></tr>
<tr>
<td title='com.test1.tests.RTest.testSuccessfulNotesAdd()'><b>testSuccessfulNotesAdd</b><br>Test class: com.test1.tests.RTest<br>Parameters: NA1TypeRR, S15 Silvia with GT2871R64 Power FC</td>
<td></td>
<td>58</td>
<td>com.test1.tests.RTest@7d4793a8</td></tr>
<tr>
<td title='com.test1.tests.RTest.testSuccessfulPurchaseLumpsumPayAdd()'><b>testSuccessfulPurchaseLumpsumPayAdd</b><br>Test class: com.test1.tests.RTest<br>Parameters: FC3STD06G20, 15, 10, 2016, 250</td>
<td></td>
<td>105</td>
<td>com.test1.tests.RTest@7d4793a8</td></tr>
<tr>
<td title='com.test1.tests.RTest.testSuccessfulPurchaseLumpsumPayAdd()'><b>testSuccessfulPurchaseLumpsumPayAdd</b><br>Test class: com.test1.tests.RTest<br>Parameters: AE864AGTE, 20, 05, 2016, 100</td>
<td></td>
<td>87</td>
<td>com.test1.tests.RTest@7d4793a8</td></tr>
<tr>
<td title='com.test1.tests.RTest.testSuccessfulPurchaseLumpsumPayAdd()'><b>testSuccessfulPurchaseLumpsumPayAdd</b><br>Test class: com.test1.tests.RTest<br>Parameters: EA21RRR, 25, 03, 2016, 5</td>
<td></td>
<td>93</td>
<td>com.test1.tests.RTest@7d4793a8</td></tr>
<tr>
<td title='com.test1.tests.RTest.testSuccessfulPurchaseLumpsumPayAdd()'><b>testSuccessfulPurchaseLumpsumPayAdd</b><br>Test class: com.test1.tests.RTest<br>Parameters: AP1TypeRR, 26, 06, 2017, 1</td>
<td></td>
<td>88</td>
<td>com.test1.tests.RTest@7d4793a8</td></tr>
<tr>
<td title='com.test1.tests.RTest.testSuccessfulPurchaseLumpsumPayAdd()'><b>testSuccessfulPurchaseLumpsumPayAdd</b><br>Test class: com.test1.tests.RTest<br>Parameters: FD3STD06G20, 12, 07, 2018, 25</td>
<td></td>
<td>92</td>
<td>com.test1.tests.RTest@7d4793a8</td></tr>
</table><p>
</body>
</html>