<?xml version="1.0" encoding="UTF-8"?>
<!-- Generated by org.testng.reporters.JUnitReportReporter -->
<testsuite hostname="E5530-2340" name="com.test1.tests.RTest" tests="71" failures="0" timestamp="23 May 2016 15:23:19 GMT" time="4771.574" errors="4">
  <testcase name="testSuccessfulAddNewCase" time="40.454" classname="com.test1.tests.RTest"/>
  <testcase name="testSuccessfulDocAttachment" time="58.542" classname="com.test1.tests.RTest"/>
  <testcase name="testSuccessfulNotesAdd" time="66.894" classname="com.test1.tests.RTest"/>
  <testcase name="testSuccessfulAddNewCase" time="37.682" classname="com.test1.tests.RTest"/>
  <testcase name="testSuccessfulDocAttachment" time="95.289" classname="com.test1.tests.RTest">
    <error type="org.openqa.selenium.NoSuchElementException" message="no such element: Unable to locate element: {&quot;method&quot;:&quot;xpath&quot;,&quot;selector&quot;:&quot;tbody/tr[contains(.,&#039;bbb5&#039;)]&quot;}
  (Session info: chrome=50.0.2661.102)
  (Driver info: chromedriver=2.20.353145 (343b531d31eeb933ec778dbcf7081628a1396067),platform=Windows NT 6.1 SP1 x86_64) (WARNING: The server did not provide any stacktrace information)
Command duration or timeout: 45.04 seconds
For documentation on this error, please visit: http://seleniumhq.org/exceptions/no_such_element.html
Build info: version: &#039;2.48.2&#039;, revision: &#039;41bccdd&#039;, time: &#039;2015-10-09 19:59:12&#039;
System info: host: &#039;E5530-2340&#039;, ip: &#039;10.0.0.73&#039;, os.name: &#039;Windows 7&#039;, os.arch: &#039;amd64&#039;, os.version: &#039;6.1&#039;, java.version: &#039;1.8.0_66&#039;
Driver info: org.openqa.selenium.chrome.ChromeDriver
Capabilities [{applicationCacheEnabled=false, rotatable=false, mobileEmulationEnabled=false, chrome={userDataDir=C:\Users\jslee\AppData\Local\Temp\scoped_dir6736_13412}, takesHeapSnapshot=true, databaseEnabled=false, handlesAlerts=true, hasTouchScreen=false, version=50.0.2661.102, platform=XP, browserConnectionEnabled=false, nativeEvents=true, acceptSslCerts=true, locationContextEnabled=true, webStorageEnabled=true, browserName=chrome, takesScreenshot=true, javascriptEnabled=true, cssSelectorsEnabled=true}]
Session ID: 95df4ebf5b0af2448ff5aa91aee98498
*** Element info: {Using=xpath, value=tbody/tr[contains(.,&#039;bbb5&#039;)]}">
      <![CDATA[org.openqa.selenium.NoSuchElementException: no such element: Unable to locate element: {"method":"xpath","selector":"tbody/tr[contains(.,'bbb5')]"}
  (Session info: chrome=50.0.2661.102)
  (Driver info: chromedriver=2.20.353145 (343b531d31eeb933ec778dbcf7081628a1396067),platform=Windows NT 6.1 SP1 x86_64) (WARNING: The server did not provide any stacktrace information)
Command duration or timeout: 45.04 seconds
For documentation on this error, please visit: http://seleniumhq.org/exceptions/no_such_element.html
Build info: version: '2.48.2', revision: '41bccdd', time: '2015-10-09 19:59:12'
System info: host: 'E5530-2340', ip: '10.0.0.73', os.name: 'Windows 7', os.arch: 'amd64', os.version: '6.1', java.version: '1.8.0_66'
Driver info: org.openqa.selenium.chrome.ChromeDriver
Capabilities [{applicationCacheEnabled=false, rotatable=false, mobileEmulationEnabled=false, chrome={userDataDir=C:\Users\jslee\AppData\Local\Temp\scoped_dir6736_13412}, takesHeapSnapshot=true, databaseEnabled=false, handlesAlerts=true, hasTouchScreen=false, version=50.0.2661.102, platform=XP, browserConnectionEnabled=false, nativeEvents=true, acceptSslCerts=true, locationContextEnabled=true, webStorageEnabled=true, browserName=chrome, takesScreenshot=true, javascriptEnabled=true, cssSelectorsEnabled=true}]
Session ID: 95df4ebf5b0af2448ff5aa91aee98498
*** Element info: {Using=xpath, value=tbody/tr[contains(.,'bbb5')]}
	at sun.reflect.NativeConstructorAccessorImpl.newInstance0(Native Method)
	at sun.reflect.NativeConstructorAccessorImpl.newInstance(NativeConstructorAccessorImpl.java:62)
	at sun.reflect.DelegatingConstructorAccessorImpl.newInstance(DelegatingConstructorAccessorImpl.java:45)
	at java.lang.reflect.Constructor.newInstance(Constructor.java:422)
	at org.openqa.selenium.remote.ErrorHandler.createThrowable(ErrorHandler.java:206)
	at org.openqa.selenium.remote.ErrorHandler.throwIfResponseFailed(ErrorHandler.java:158)
	at org.openqa.selenium.remote.RemoteWebDriver.execute(RemoteWebDriver.java:647)
	at org.openqa.selenium.remote.RemoteWebElement.execute(RemoteWebElement.java:326)
	at org.openqa.selenium.remote.RemoteWebElement.findElement(RemoteWebElement.java:197)
	at org.openqa.selenium.remote.RemoteWebElement.findElementByXPath(RemoteWebElement.java:294)
	at org.openqa.selenium.By$ByXPath.findElement(By.java:361)
	at org.openqa.selenium.remote.RemoteWebElement.findElement(RemoteWebElement.java:193)
	at com.test1.pages.WebTable.getRowElement(WebTable.java:116)
	at com.test1.pages.RelatedDocumentsTab.isAttachDocumentSuccessful(RelatedDocumentsTab.java:148)
	at com.test1.tests.RTest.testSuccessfulDocAttachment(RTest.java:202)
	at sun.reflect.NativeMethodAccessorImpl.invoke0(Native Method)
	at sun.reflect.NativeMethodAccessorImpl.invoke(NativeMethodAccessorImpl.java:62)
	at sun.reflect.DelegatingMethodAccessorImpl.invoke(DelegatingMethodAccessorImpl.java:43)
	at java.lang.reflect.Method.invoke(Method.java:497)
	at org.testng.internal.MethodInvocationHelper.invokeMethod(MethodInvocationHelper.java:85)
	at org.testng.internal.Invoker.invokeMethod(Invoker.java:639)
	at org.testng.internal.Invoker.invokeTestMethod(Invoker.java:821)
	at org.testng.internal.Invoker.invokeTestMethods(Invoker.java:1131)
	at org.testng.internal.TestMethodWorker.invokeTestMethods(TestMethodWorker.java:124)
	at org.testng.internal.TestMethodWorker.run(TestMethodWorker.java:108)
	at org.testng.TestRunner.privateRun(TestRunner.java:773)
	at org.testng.TestRunner.run(TestRunner.java:623)
	at org.testng.SuiteRunner.runTest(SuiteRunner.java:357)
	at org.testng.SuiteRunner.runSequentially(SuiteRunner.java:352)
	at org.testng.SuiteRunner.privateRun(SuiteRunner.java:310)
	at org.testng.SuiteRunner.run(SuiteRunner.java:259)
	at org.testng.SuiteRunnerWorker.runSuite(SuiteRunnerWorker.java:52)
	at org.testng.SuiteRunnerWorker.run(SuiteRunnerWorker.java:86)
	at org.testng.TestNG.runSuitesSequentially(TestNG.java:1185)
	at org.testng.TestNG.runSuitesLocally(TestNG.java:1110)
	at org.testng.TestNG.run(TestNG.java:1018)
	at org.testng.TestNG.privateMain(TestNG.java:1325)
	at org.testng.TestNG.main(TestNG.java:1294)
]]>
    </error>
  </testcase> <!-- testSuccessfulDocAttachment -->
  <testcase name="testSuccessfulAddNewPriorDealCase" time="39.800" classname="com.test1.tests.RTest"/>
  <testcase name="testSuccessfulLumpsumPayAddLC" time="69.361" classname="com.test1.tests.RTest"/>
  <testcase name="testSuccessfulNotesAdd" time="66.582" classname="com.test1.tests.RTest"/>
  <testcase name="testSuccessfulAddNewCase" time="38.805" classname="com.test1.tests.RTest"/>
  <testcase name="testSuccessfulLumpsumPayAddLC" time="72.997" classname="com.test1.tests.RTest"/>
  <testcase name="testSuccessfulCaseSummaryInfo" time="68.330" classname="com.test1.tests.RTest"/>
  <testcase name="testSuccessfulAddNewCase" time="37.744" classname="com.test1.tests.RTest"/>
  <testcase name="testSuccessfulCaseSummaryInfo" time="68.084" classname="com.test1.tests.RTest"/>
  <testcase name="testSuccessfulDocAttachment" time="57.375" classname="com.test1.tests.RTest"/>
  <testcase name="testSuccessfulLumpsumPayAddLC" time="63.255" classname="com.test1.tests.RTest"/>
  <testcase name="testSuccessfulCaseSummaryInfo" time="73.106" classname="com.test1.tests.RTest"/>
  <testcase name="testSuccessfulPurchaseLumpsumPayAdd" time="113.487" classname="com.test1.tests.RTest"/>
  <testcase name="testSuccessfulAddNewCase" time="37.532" classname="com.test1.tests.RTest"/>
  <testcase name="testSuccessfulPurchaseLumpsumPayAdd" time="101.386" classname="com.test1.tests.RTest"/>
  <testcase name="testSuccessfulNotesAdd" time="68.065" classname="com.test1.tests.RTest"/>
  <testcase name="testSuccessfulAddNewPriorDealCase" time="41.070" classname="com.test1.tests.RTest"/>
  <testcase name="testSuccessfulNotesAdd" time="67.225" classname="com.test1.tests.RTest"/>
  <testcase name="testSuccessfulAddNewPriorDealCase" time="43.264" classname="com.test1.tests.RTest"/>
  <testcase name="testSuccessfulCaseSummaryInfo" time="70.219" classname="com.test1.tests.RTest"/>
  <testcase name="testSuccessfulCaseSummaryInfo" time="65.975" classname="com.test1.tests.RTest"/>
  <testcase name="testSuccessfulAddNewCase" time="38.386" classname="com.test1.tests.RTest"/>
  <testcase name="testSuccessfulCreateNewClaimant" time="99.120" classname="com.test1.tests.RTest"/>
  <testcase name="testSuccessfulCaseSummaryInfo" time="83.365" classname="com.test1.tests.RTest"/>
  <testcase name="testSuccessfulCreateNewClaimant" time="105.202" classname="com.test1.tests.RTest"/>
  <testcase name="testSuccessfulNotesAdd" time="108.064" classname="com.test1.tests.RTest">
    <error type="org.openqa.selenium.NoSuchElementException" message="no such element: Unable to locate element: {&quot;method&quot;:&quot;xpath&quot;,&quot;selector&quot;:&quot;//*[@id=&#039;page-container&#039;]/div/div/div[2]/div[7]/div/div/div[2]/ul/li/div[2]/p&quot;}
  (Session info: chrome=50.0.2661.102)
  (Driver info: chromedriver=2.20.353145 (343b531d31eeb933ec778dbcf7081628a1396067),platform=Windows NT 6.1 SP1 x86_64) (WARNING: The server did not provide any stacktrace information)
Command duration or timeout: 45.00 seconds
For documentation on this error, please visit: http://seleniumhq.org/exceptions/no_such_element.html
Build info: version: &#039;2.48.2&#039;, revision: &#039;41bccdd&#039;, time: &#039;2015-10-09 19:59:12&#039;
System info: host: &#039;E5530-2340&#039;, ip: &#039;10.0.0.73&#039;, os.name: &#039;Windows 7&#039;, os.arch: &#039;amd64&#039;, os.version: &#039;6.1&#039;, java.version: &#039;1.8.0_66&#039;
Driver info: org.openqa.selenium.chrome.ChromeDriver
Capabilities [{applicationCacheEnabled=false, rotatable=false, mobileEmulationEnabled=false, chrome={userDataDir=C:\Users\jslee\AppData\Local\Temp\scoped_dir4504_8428}, takesHeapSnapshot=true, databaseEnabled=false, handlesAlerts=true, hasTouchScreen=false, version=50.0.2661.102, platform=XP, browserConnectionEnabled=false, nativeEvents=true, acceptSslCerts=true, locationContextEnabled=true, webStorageEnabled=true, browserName=chrome, takesScreenshot=true, javascriptEnabled=true, cssSelectorsEnabled=true}]
Session ID: 70c2ab4182fe50b6555f6b8b9623c220
*** Element info: {Using=xpath, value=//*[@id=&#039;page-container&#039;]/div/div/div[2]/div[7]/div/div/div[2]/ul/li/div[2]/p}">
      <![CDATA[org.openqa.selenium.NoSuchElementException: no such element: Unable to locate element: {"method":"xpath","selector":"//*[@id='page-container']/div/div/div[2]/div[7]/div/div/div[2]/ul/li/div[2]/p"}
  (Session info: chrome=50.0.2661.102)
  (Driver info: chromedriver=2.20.353145 (343b531d31eeb933ec778dbcf7081628a1396067),platform=Windows NT 6.1 SP1 x86_64) (WARNING: The server did not provide any stacktrace information)
Command duration or timeout: 45.00 seconds
For documentation on this error, please visit: http://seleniumhq.org/exceptions/no_such_element.html
Build info: version: '2.48.2', revision: '41bccdd', time: '2015-10-09 19:59:12'
System info: host: 'E5530-2340', ip: '10.0.0.73', os.name: 'Windows 7', os.arch: 'amd64', os.version: '6.1', java.version: '1.8.0_66'
Driver info: org.openqa.selenium.chrome.ChromeDriver
Capabilities [{applicationCacheEnabled=false, rotatable=false, mobileEmulationEnabled=false, chrome={userDataDir=C:\Users\jslee\AppData\Local\Temp\scoped_dir4504_8428}, takesHeapSnapshot=true, databaseEnabled=false, handlesAlerts=true, hasTouchScreen=false, version=50.0.2661.102, platform=XP, browserConnectionEnabled=false, nativeEvents=true, acceptSslCerts=true, locationContextEnabled=true, webStorageEnabled=true, browserName=chrome, takesScreenshot=true, javascriptEnabled=true, cssSelectorsEnabled=true}]
Session ID: 70c2ab4182fe50b6555f6b8b9623c220
*** Element info: {Using=xpath, value=//*[@id='page-container']/div/div/div[2]/div[7]/div/div/div[2]/ul/li/div[2]/p}
	at sun.reflect.NativeConstructorAccessorImpl.newInstance0(Native Method)
	at sun.reflect.NativeConstructorAccessorImpl.newInstance(NativeConstructorAccessorImpl.java:62)
	at sun.reflect.DelegatingConstructorAccessorImpl.newInstance(DelegatingConstructorAccessorImpl.java:45)
	at java.lang.reflect.Constructor.newInstance(Constructor.java:422)
	at org.openqa.selenium.remote.ErrorHandler.createThrowable(ErrorHandler.java:206)
	at org.openqa.selenium.remote.ErrorHandler.throwIfResponseFailed(ErrorHandler.java:158)
	at org.openqa.selenium.remote.RemoteWebDriver.execute(RemoteWebDriver.java:647)
	at org.openqa.selenium.remote.RemoteWebDriver.findElement(RemoteWebDriver.java:353)
	at org.openqa.selenium.remote.RemoteWebDriver.findElementByXPath(RemoteWebDriver.java:490)
	at org.openqa.selenium.By$ByXPath.findElement(By.java:361)
	at org.openqa.selenium.remote.RemoteWebDriver.findElement(RemoteWebDriver.java:345)
	at com.test1.pages.NotesTab.isAddNotesSuccessful(NotesTab.java:83)
	at com.test1.tests.RTest.testSuccessfulNotesAdd(RTest.java:237)
	at sun.reflect.NativeMethodAccessorImpl.invoke0(Native Method)
	at sun.reflect.NativeMethodAccessorImpl.invoke(NativeMethodAccessorImpl.java:62)
	at sun.reflect.DelegatingMethodAccessorImpl.invoke(DelegatingMethodAccessorImpl.java:43)
	at java.lang.reflect.Method.invoke(Method.java:497)
	at org.testng.internal.MethodInvocationHelper.invokeMethod(MethodInvocationHelper.java:85)
	at org.testng.internal.Invoker.invokeMethod(Invoker.java:639)
	at org.testng.internal.Invoker.invokeTestMethod(Invoker.java:821)
	at org.testng.internal.Invoker.invokeTestMethods(Invoker.java:1131)
	at org.testng.internal.TestMethodWorker.invokeTestMethods(TestMethodWorker.java:124)
	at org.testng.internal.TestMethodWorker.run(TestMethodWorker.java:108)
	at org.testng.TestRunner.privateRun(TestRunner.java:773)
	at org.testng.TestRunner.run(TestRunner.java:623)
	at org.testng.SuiteRunner.runTest(SuiteRunner.java:357)
	at org.testng.SuiteRunner.runSequentially(SuiteRunner.java:352)
	at org.testng.SuiteRunner.privateRun(SuiteRunner.java:310)
	at org.testng.SuiteRunner.run(SuiteRunner.java:259)
	at org.testng.SuiteRunnerWorker.runSuite(SuiteRunnerWorker.java:52)
	at org.testng.SuiteRunnerWorker.run(SuiteRunnerWorker.java:86)
	at org.testng.TestNG.runSuitesSequentially(TestNG.java:1185)
	at org.testng.TestNG.runSuitesLocally(TestNG.java:1110)
	at org.testng.TestNG.run(TestNG.java:1018)
	at org.testng.TestNG.privateMain(TestNG.java:1325)
	at org.testng.TestNG.main(TestNG.java:1294)
]]>
    </error>
  </testcase> <!-- testSuccessfulNotesAdd -->
  <testcase name="testSuccessfulLumpsumPayAddLC" time="67.235" classname="com.test1.tests.RTest"/>
  <testcase name="testSuccessfulCreateNewClaimant" time="109.332" classname="com.test1.tests.RTest"/>
  <testcase name="testSuccessfulCaseSummaryInfo" time="78.523" classname="com.test1.tests.RTest"/>
  <testcase name="testSuccessfulCaseSummaryInfo" time="70.334" classname="com.test1.tests.RTest"/>
  <testcase name="testSuccessfulLumpsumPayAddLC" time="77.323" classname="com.test1.tests.RTest"/>
  <testcase name="testSuccessfulAddNewCase" time="38.434" classname="com.test1.tests.RTest"/>
  <testcase name="testSuccessfulLumpsumPayAddLC" time="74.488" classname="com.test1.tests.RTest"/>
  <testcase name="testSuccessfulDocAttachment" time="59.391" classname="com.test1.tests.RTest"/>
  <testcase name="testSuccessfulPurchaseLumpsumPayAdd" time="95.379" classname="com.test1.tests.RTest"/>
  <testcase name="testSuccessfulDocAttachment" time="62.108" classname="com.test1.tests.RTest"/>
  <testcase name="testSuccessfulAddNewPriorDealCase" time="39.809" classname="com.test1.tests.RTest"/>
  <testcase name="testSuccessfulCreateNewClaimant" time="97.454" classname="com.test1.tests.RTest"/>
  <testcase name="testSuccessfulCaseSummaryInfo" time="73.460" classname="com.test1.tests.RTest"/>
  <testcase name="testSuccessfulCreateNewClaimant" time="101.514" classname="com.test1.tests.RTest"/>
  <testcase name="testSuccessfulCreateNewClaimant" time="67.668" classname="com.test1.tests.RTest">
    <error type="org.openqa.selenium.NoSuchElementException" message="no such element: Unable to locate element: {&quot;method&quot;:&quot;partial link text&quot;,&quot;selector&quot;:&quot;AP1TypeR12&quot;}
  (Session info: chrome=50.0.2661.102)
  (Driver info: chromedriver=2.20.353145 (343b531d31eeb933ec778dbcf7081628a1396067),platform=Windows NT 6.1 SP1 x86_64) (WARNING: The server did not provide any stacktrace information)
Command duration or timeout: 45.09 seconds
For documentation on this error, please visit: http://seleniumhq.org/exceptions/no_such_element.html
Build info: version: &#039;2.48.2&#039;, revision: &#039;41bccdd&#039;, time: &#039;2015-10-09 19:59:12&#039;
System info: host: &#039;E5530-2340&#039;, ip: &#039;10.0.0.73&#039;, os.name: &#039;Windows 7&#039;, os.arch: &#039;amd64&#039;, os.version: &#039;6.1&#039;, java.version: &#039;1.8.0_66&#039;
Driver info: org.openqa.selenium.chrome.ChromeDriver
Capabilities [{applicationCacheEnabled=false, rotatable=false, mobileEmulationEnabled=false, chrome={userDataDir=C:\Users\jslee\AppData\Local\Temp\scoped_dir8396_960}, takesHeapSnapshot=true, databaseEnabled=false, handlesAlerts=true, hasTouchScreen=false, version=50.0.2661.102, platform=XP, browserConnectionEnabled=false, nativeEvents=true, acceptSslCerts=true, locationContextEnabled=true, webStorageEnabled=true, browserName=chrome, takesScreenshot=true, javascriptEnabled=true, cssSelectorsEnabled=true}]
Session ID: 3c5c89c4290970aa94eb236f0661c541
*** Element info: {Using=partial link text, value=AP1TypeR12}">
      <![CDATA[org.openqa.selenium.NoSuchElementException: no such element: Unable to locate element: {"method":"partial link text","selector":"AP1TypeR12"}
  (Session info: chrome=50.0.2661.102)
  (Driver info: chromedriver=2.20.353145 (343b531d31eeb933ec778dbcf7081628a1396067),platform=Windows NT 6.1 SP1 x86_64) (WARNING: The server did not provide any stacktrace information)
Command duration or timeout: 45.09 seconds
For documentation on this error, please visit: http://seleniumhq.org/exceptions/no_such_element.html
Build info: version: '2.48.2', revision: '41bccdd', time: '2015-10-09 19:59:12'
System info: host: 'E5530-2340', ip: '10.0.0.73', os.name: 'Windows 7', os.arch: 'amd64', os.version: '6.1', java.version: '1.8.0_66'
Driver info: org.openqa.selenium.chrome.ChromeDriver
Capabilities [{applicationCacheEnabled=false, rotatable=false, mobileEmulationEnabled=false, chrome={userDataDir=C:\Users\jslee\AppData\Local\Temp\scoped_dir8396_960}, takesHeapSnapshot=true, databaseEnabled=false, handlesAlerts=true, hasTouchScreen=false, version=50.0.2661.102, platform=XP, browserConnectionEnabled=false, nativeEvents=true, acceptSslCerts=true, locationContextEnabled=true, webStorageEnabled=true, browserName=chrome, takesScreenshot=true, javascriptEnabled=true, cssSelectorsEnabled=true}]
Session ID: 3c5c89c4290970aa94eb236f0661c541
*** Element info: {Using=partial link text, value=AP1TypeR12}
	at sun.reflect.NativeConstructorAccessorImpl.newInstance0(Native Method)
	at sun.reflect.NativeConstructorAccessorImpl.newInstance(NativeConstructorAccessorImpl.java:62)
	at sun.reflect.DelegatingConstructorAccessorImpl.newInstance(DelegatingConstructorAccessorImpl.java:45)
	at java.lang.reflect.Constructor.newInstance(Constructor.java:422)
	at org.openqa.selenium.remote.ErrorHandler.createThrowable(ErrorHandler.java:206)
	at org.openqa.selenium.remote.ErrorHandler.throwIfResponseFailed(ErrorHandler.java:158)
	at org.openqa.selenium.remote.RemoteWebDriver.execute(RemoteWebDriver.java:647)
	at org.openqa.selenium.remote.RemoteWebDriver.findElement(RemoteWebDriver.java:353)
	at org.openqa.selenium.remote.RemoteWebDriver.findElementByPartialLinkText(RemoteWebDriver.java:426)
	at org.openqa.selenium.By$ByPartialLinkText.findElement(By.java:273)
	at org.openqa.selenium.remote.RemoteWebDriver.findElement(RemoteWebDriver.java:345)
	at com.test1.pages.DefaultLandingPage.clickCaseNumbertLink(DefaultLandingPage.java:502)
	at com.test1.tests.RTest.testSuccessfulCreateNewClaimant(RTest.java:132)
	at sun.reflect.NativeMethodAccessorImpl.invoke0(Native Method)
	at sun.reflect.NativeMethodAccessorImpl.invoke(NativeMethodAccessorImpl.java:62)
	at sun.reflect.DelegatingMethodAccessorImpl.invoke(DelegatingMethodAccessorImpl.java:43)
	at java.lang.reflect.Method.invoke(Method.java:497)
	at org.testng.internal.MethodInvocationHelper.invokeMethod(MethodInvocationHelper.java:85)
	at org.testng.internal.Invoker.invokeMethod(Invoker.java:639)
	at org.testng.internal.Invoker.invokeTestMethod(Invoker.java:821)
	at org.testng.internal.Invoker.invokeTestMethods(Invoker.java:1131)
	at org.testng.internal.TestMethodWorker.invokeTestMethods(TestMethodWorker.java:124)
	at org.testng.internal.TestMethodWorker.run(TestMethodWorker.java:108)
	at org.testng.TestRunner.privateRun(TestRunner.java:773)
	at org.testng.TestRunner.run(TestRunner.java:623)
	at org.testng.SuiteRunner.runTest(SuiteRunner.java:357)
	at org.testng.SuiteRunner.runSequentially(SuiteRunner.java:352)
	at org.testng.SuiteRunner.privateRun(SuiteRunner.java:310)
	at org.testng.SuiteRunner.run(SuiteRunner.java:259)
	at org.testng.SuiteRunnerWorker.runSuite(SuiteRunnerWorker.java:52)
	at org.testng.SuiteRunnerWorker.run(SuiteRunnerWorker.java:86)
	at org.testng.TestNG.runSuitesSequentially(TestNG.java:1185)
	at org.testng.TestNG.runSuitesLocally(TestNG.java:1110)
	at org.testng.TestNG.run(TestNG.java:1018)
	at org.testng.TestNG.privateMain(TestNG.java:1325)
	at org.testng.TestNG.main(TestNG.java:1294)
]]>
    </error>
  </testcase> <!-- testSuccessfulCreateNewClaimant -->
  <testcase name="testSuccessfulLumpsumPayAddLC" time="68.159" classname="com.test1.tests.RTest"/>
  <testcase name="testSuccessfulCaseSummaryInfo" time="77.162" classname="com.test1.tests.RTest"/>
  <testcase name="testSuccessfulCaseSummaryInfo" time="78.148" classname="com.test1.tests.RTest"/>
  <testcase name="testSuccessfulCreateNewClaimant" time="100.646" classname="com.test1.tests.RTest"/>
  <testcase name="testSuccessfulAddNewCase" time="78.509" classname="com.test1.tests.RTest">
    <error type="org.openqa.selenium.NoSuchElementException" message="no such element: Unable to locate element: {&quot;method&quot;:&quot;xpath&quot;,&quot;selector&quot;:&quot;tbody/tr[contains(.,&#039;TE111 &#039;)]&quot;}
  (Session info: chrome=50.0.2661.102)
  (Driver info: chromedriver=2.20.353145 (343b531d31eeb933ec778dbcf7081628a1396067),platform=Windows NT 6.1 SP1 x86_64) (WARNING: The server did not provide any stacktrace information)
Command duration or timeout: 45.00 seconds
For documentation on this error, please visit: http://seleniumhq.org/exceptions/no_such_element.html
Build info: version: &#039;2.48.2&#039;, revision: &#039;41bccdd&#039;, time: &#039;2015-10-09 19:59:12&#039;
System info: host: &#039;E5530-2340&#039;, ip: &#039;10.0.0.73&#039;, os.name: &#039;Windows 7&#039;, os.arch: &#039;amd64&#039;, os.version: &#039;6.1&#039;, java.version: &#039;1.8.0_66&#039;
Driver info: org.openqa.selenium.chrome.ChromeDriver
Capabilities [{applicationCacheEnabled=false, rotatable=false, mobileEmulationEnabled=false, chrome={userDataDir=C:\Users\jslee\AppData\Local\Temp\scoped_dir8932_29694}, takesHeapSnapshot=true, databaseEnabled=false, handlesAlerts=true, hasTouchScreen=false, version=50.0.2661.102, platform=XP, browserConnectionEnabled=false, nativeEvents=true, acceptSslCerts=true, locationContextEnabled=true, webStorageEnabled=true, browserName=chrome, takesScreenshot=true, javascriptEnabled=true, cssSelectorsEnabled=true}]
Session ID: 588d3955eb39ceb20c1e1b75f3050f14
*** Element info: {Using=xpath, value=tbody/tr[contains(.,&#039;TE111 &#039;)]}">
      <![CDATA[org.openqa.selenium.NoSuchElementException: no such element: Unable to locate element: {"method":"xpath","selector":"tbody/tr[contains(.,'TE111 ')]"}
  (Session info: chrome=50.0.2661.102)
  (Driver info: chromedriver=2.20.353145 (343b531d31eeb933ec778dbcf7081628a1396067),platform=Windows NT 6.1 SP1 x86_64) (WARNING: The server did not provide any stacktrace information)
Command duration or timeout: 45.00 seconds
For documentation on this error, please visit: http://seleniumhq.org/exceptions/no_such_element.html
Build info: version: '2.48.2', revision: '41bccdd', time: '2015-10-09 19:59:12'
System info: host: 'E5530-2340', ip: '10.0.0.73', os.name: 'Windows 7', os.arch: 'amd64', os.version: '6.1', java.version: '1.8.0_66'
Driver info: org.openqa.selenium.chrome.ChromeDriver
Capabilities [{applicationCacheEnabled=false, rotatable=false, mobileEmulationEnabled=false, chrome={userDataDir=C:\Users\jslee\AppData\Local\Temp\scoped_dir8932_29694}, takesHeapSnapshot=true, databaseEnabled=false, handlesAlerts=true, hasTouchScreen=false, version=50.0.2661.102, platform=XP, browserConnectionEnabled=false, nativeEvents=true, acceptSslCerts=true, locationContextEnabled=true, webStorageEnabled=true, browserName=chrome, takesScreenshot=true, javascriptEnabled=true, cssSelectorsEnabled=true}]
Session ID: 588d3955eb39ceb20c1e1b75f3050f14
*** Element info: {Using=xpath, value=tbody/tr[contains(.,'TE111 ')]}
	at sun.reflect.NativeConstructorAccessorImpl.newInstance0(Native Method)
	at sun.reflect.NativeConstructorAccessorImpl.newInstance(NativeConstructorAccessorImpl.java:62)
	at sun.reflect.DelegatingConstructorAccessorImpl.newInstance(DelegatingConstructorAccessorImpl.java:45)
	at java.lang.reflect.Constructor.newInstance(Constructor.java:422)
	at org.openqa.selenium.remote.ErrorHandler.createThrowable(ErrorHandler.java:206)
	at org.openqa.selenium.remote.ErrorHandler.throwIfResponseFailed(ErrorHandler.java:158)
	at org.openqa.selenium.remote.RemoteWebDriver.execute(RemoteWebDriver.java:647)
	at org.openqa.selenium.remote.RemoteWebElement.execute(RemoteWebElement.java:326)
	at org.openqa.selenium.remote.RemoteWebElement.findElement(RemoteWebElement.java:197)
	at org.openqa.selenium.remote.RemoteWebElement.findElementByXPath(RemoteWebElement.java:294)
	at org.openqa.selenium.By$ByXPath.findElement(By.java:361)
	at org.openqa.selenium.remote.RemoteWebElement.findElement(RemoteWebElement.java:193)
	at com.test1.pages.WebTable.getRowElement(WebTable.java:116)
	at com.test1.pages.DefaultLandingPage.isAddNewCaseSuccessful(DefaultLandingPage.java:169)
	at com.test1.tests.RTest.testSuccessfulAddNewCase(RTest.java:66)
	at sun.reflect.NativeMethodAccessorImpl.invoke0(Native Method)
	at sun.reflect.NativeMethodAccessorImpl.invoke(NativeMethodAccessorImpl.java:62)
	at sun.reflect.DelegatingMethodAccessorImpl.invoke(DelegatingMethodAccessorImpl.java:43)
	at java.lang.reflect.Method.invoke(Method.java:497)
	at org.testng.internal.MethodInvocationHelper.invokeMethod(MethodInvocationHelper.java:85)
	at org.testng.internal.Invoker.invokeMethod(Invoker.java:639)
	at org.testng.internal.Invoker.invokeTestMethod(Invoker.java:821)
	at org.testng.internal.Invoker.invokeTestMethods(Invoker.java:1131)
	at org.testng.internal.TestMethodWorker.invokeTestMethods(TestMethodWorker.java:124)
	at org.testng.internal.TestMethodWorker.run(TestMethodWorker.java:108)
	at org.testng.TestRunner.privateRun(TestRunner.java:773)
	at org.testng.TestRunner.run(TestRunner.java:623)
	at org.testng.SuiteRunner.runTest(SuiteRunner.java:357)
	at org.testng.SuiteRunner.runSequentially(SuiteRunner.java:352)
	at org.testng.SuiteRunner.privateRun(SuiteRunner.java:310)
	at org.testng.SuiteRunner.run(SuiteRunner.java:259)
	at org.testng.SuiteRunnerWorker.runSuite(SuiteRunnerWorker.java:52)
	at org.testng.SuiteRunnerWorker.run(SuiteRunnerWorker.java:86)
	at org.testng.TestNG.runSuitesSequentially(TestNG.java:1185)
	at org.testng.TestNG.runSuitesLocally(TestNG.java:1110)
	at org.testng.TestNG.run(TestNG.java:1018)
	at org.testng.TestNG.privateMain(TestNG.java:1325)
	at org.testng.TestNG.main(TestNG.java:1294)
]]>
    </error>
  </testcase> <!-- testSuccessfulAddNewCase -->
  <testcase name="testSuccessfulDocAttachment" time="59.135" classname="com.test1.tests.RTest"/>
  <testcase name="testSuccessfulAddNewCase" time="38.489" classname="com.test1.tests.RTest"/>
  <testcase name="testSuccessfulAddNewPriorDealCase" time="39.953" classname="com.test1.tests.RTest"/>
  <testcase name="testSuccessfulCreateNewClaimant" time="93.619" classname="com.test1.tests.RTest"/>
  <testcase name="testSuccessfulDocAttachment" time="59.097" classname="com.test1.tests.RTest"/>
  <testcase name="testSuccessfulNotesAdd" time="65.264" classname="com.test1.tests.RTest"/>
  <testcase name="testSuccessfulAddNewCase" time="38.038" classname="com.test1.tests.RTest"/>
  <testcase name="testSuccessfulDocAttachment" time="59.481" classname="com.test1.tests.RTest"/>
  <testcase name="testSuccessfulDocAttachment" time="61.846" classname="com.test1.tests.RTest"/>
  <testcase name="testSuccessfulDocAttachment" time="58.006" classname="com.test1.tests.RTest"/>
  <testcase name="testSuccessfulAddNewPriorDealCase" time="41.334" classname="com.test1.tests.RTest"/>
  <testcase name="testSuccessfulCaseSummaryInfo" time="66.426" classname="com.test1.tests.RTest"/>
  <testcase name="testSuccessfulLumpsumPayAddLC" time="73.198" classname="com.test1.tests.RTest"/>
  <testcase name="testSuccessfulAddNewCase" time="37.853" classname="com.test1.tests.RTest"/>
  <testcase name="testSuccessfulPurchaseLumpsumPayAdd" time="96.397" classname="com.test1.tests.RTest"/>
  <testcase name="testSuccessfulLumpsumPayAddLC" time="72.713" classname="com.test1.tests.RTest"/>
  <testcase name="testSuccessfulAddNewPriorDealCase" time="40.777" classname="com.test1.tests.RTest"/>
  <testcase name="testSuccessfulDocAttachment" time="57.725" classname="com.test1.tests.RTest"/>
  <testcase name="testSuccessfulDocAttachment" time="57.999" classname="com.test1.tests.RTest"/>
  <testcase name="testSuccessfulPurchaseLumpsumPayAdd" time="102.459" classname="com.test1.tests.RTest"/>
  <testcase name="testSuccessfulAddNewPriorDealCase" time="40.029" classname="com.test1.tests.RTest"/>
</testsuite> <!-- com.test1.tests.RTest -->
